<?xml version="1.0" encoding="UTF-8"?>
<!-- Generated by org.testng.reporters.JUnitReportReporter -->
<testsuite skipped="0" hostname="DESKTOP-2QDL0L0" name="definitions.TestRunner" tests="5" failures="0" timestamp="06 Jul 2021 14:56:28 GMT" time="37.813" errors="0">
  <testcase name="runScenario" time="6.936" classname="definitions.TestRunner"/>
  <testcase name="runScenario" time="6.835" classname="definitions.TestRunner"/>
  <testcase name="runScenario" time="8.861" classname="definitions.TestRunner"/>
  <testcase name="runScenario" time="6.802" classname="definitions.TestRunner"/>
  <testcase name="runScenario" time="8.379" classname="definitions.TestRunner"/>
</testsuite> <!-- definitions.TestRunner -->
